{
  "RSpec": {
    "coverage": {
      "/home/bartek/Prog/TDD_BDD_Instagram/config/environment.rb": [
        null,
        1,
        null,
        null,
        1
      ],
      "/home/bartek/Prog/TDD_BDD_Instagram/config/application.rb": [
        1,
        null,
        1,
        null,
        null,
        null,
        1,
        null,
        1,
        1,
        null,
        null,
        null,
        null,
        null,
        null,
        null,
        null,
        null,
        null,
        null,
        null,
        null,
        1,
        null,
        null
      ],
      "/home/bartek/Prog/TDD_BDD_Instagram/config/boot.rb": [
        1,
        null,
        1
      ],
      "/home/bartek/Prog/TDD_BDD_Instagram/config/environments/test.rb": [
        1,
        null,
        null,
        null,
        null,
        null,
        null,
        1,
        null,
        null,
        null,
        null,
        1,
        null,
        null,
        1,
        1,
        null,
        null,
        1,
        1,
        null,
        null,
        1,
        null,
        null,
        1,
        null,
        null,
        null,
        null,
        1,
        null,
        null,
        1,
        null,
        null,
        1,
        null,
        null,
        null,
        null
      ],
      "/home/bartek/Prog/TDD_BDD_Instagram/config/initializers/assets.rb": [
        null,
        null,
        null,
        1,
        null,
        null,
        null,
        null,
        null,
        null,
        null
      ],
      "/home/bartek/Prog/TDD_BDD_Instagram/config/initializers/backtrace_silencers.rb": [
        null,
        null,
        null,
        null,
        null,
        null,
        null
      ],
      "/home/bartek/Prog/TDD_BDD_Instagram/config/initializers/cookies_serializer.rb": [
        null,
        null,
        1
      ],
      "/home/bartek/Prog/TDD_BDD_Instagram/config/initializers/devise.rb": [
        null,
        null,
        1,
        null,
        null,
        null,
        null,
        null,
        null,
        null,
        null,
        null,
        null,
        null,
        1,
        null,
        null,
        null,
        null,
        null,
        null,
        null,
        null,
        1,
        null,
        null,
        null,
        null,
        null,
        null,
        null,
        null,
        null,
        1,
        null,
        null,
        null,
        null,
        null,
        null,
        null,
        null,
        null,
        null,
        null,
        1,
        null,
        null,
        null,
        null,
        1,
        null,
        null,
        null,
        null,
        null,
        null,
        null,
        null,
        null,
        null,
        null,
        null,
        null,
        null,
        null,
        null,
        null,
        null,
        null,
        null,
        null,
        null,
        null,
        null,
        null,
        null,
        null,
        null,
        null,
        null,
        1,
        null,
        null,
        null,
        null,
        null,
        null,
        null,
        null,
        null,
        null,
        null,
        null,
        null,
        null,
        null,
        null,
        1,
        null,
        null,
        null,
        null,
        null,
        null,
        null,
        null,
        null,
        null,
        null,
        null,
        null,
        null,
        null,
        null,
        null,
        null,
        null,
        null,
        null,
        null,
        null,
        null,
        1,
        null,
        null,
        null,
        null,
        null,
        null,
        null,
        null,
        null,
        1,
        null,
        null,
        null,
        null,
        null,
        null,
        null,
        null,
        null,
        null,
        1,
        null,
        null,
        null,
        null,
        null,
        null,
        null,
        null,
        null,
        null,
        null,
        null,
        null,
        null,
        null,
        null,
        null,
        null,
        null,
        null,
        null,
        null,
        null,
        null,
        null,
        null,
        null,
        null,
        null,
        null,
        null,
        null,
        null,
        null,
        null,
        null,
        null,
        null,
        null,
        null,
        null,
        null,
        null,
        null,
        null,
        null,
        null,
        null,
        1,
        null,
        null,
        null,
        null,
        null,
        null,
        null,
        null,
        null,
        null,
        null,
        null,
        null,
        null,
        null,
        null,
        null,
        null,
        null,
        null,
        null,
        null,
        null,
        null,
        null,
        null,
        null,
        null,
        null,
        null,
        null,
        null,
        null,
        null,
        null,
        null,
        null,
        null,
        null,
        null,
        null,
        1,
        null,
        null,
        null,
        null,
        null,
        null,
        null,
        null,
        null,
        null,
        null,
        null,
        null,
        null,
        null,
        null,
        null,
        null,
        null,
        null,
        null,
        null,
        null,
        null,
        null,
        null,
        null,
        null,
        null
      ],
      "/home/bartek/Prog/TDD_BDD_Instagram/config/initializers/filter_parameter_logging.rb": [
        null,
        null,
        null,
        1
      ],
      "/home/bartek/Prog/TDD_BDD_Instagram/config/initializers/inflections.rb": [
        null,
        null,
        null,
        null,
        null,
        null,
        null,
        null,
        null,
        null,
        null,
        null,
        null,
        null,
        null,
        null
      ],
      "/home/bartek/Prog/TDD_BDD_Instagram/config/initializers/mime_types.rb": [
        null,
        null,
        null,
        null
      ],
      "/home/bartek/Prog/TDD_BDD_Instagram/config/initializers/session_store.rb": [
        null,
        null,
        1
      ],
      "/home/bartek/Prog/TDD_BDD_Instagram/config/initializers/wrap_parameters.rb": [
        null,
        null,
        null,
        null,
        null,
        null,
        1,
        1,
        null,
        null,
        null,
        null,
        null,
        null
      ],
      "/home/bartek/Prog/TDD_BDD_Instagram/spec/factories/posts.rb": [
        1,
        1,
        1,
        1,
        6,
        1,
        null,
        null,
        null
      ],
      "/home/bartek/Prog/TDD_BDD_Instagram/spec/factories/users.rb": [
        1,
        1,
        1,
        1,
        1,
        null,
        null,
        null,
        null
      ],
      "/home/bartek/Prog/TDD_BDD_Instagram/config/routes.rb": [
        1,
        null,
        1,
        1,
        1,
        null,
        null,
        1,
        null,
        null,
        null,
        null,
        null,
        null,
        null,
        null,
        null,
        null,
        null,
        null,
        null,
        null,
        null,
        null,
        null,
        null,
        null,
        null,
        null,
        null,
        null,
        null,
        null,
        null,
        null,
        null,
        null,
        null,
        null,
        null,
        null,
        null,
        null,
        null,
        null,
        null,
        null,
        null,
        null,
        null,
        null,
        null,
        null,
        null,
        null,
        null,
        null,
        null,
        null,
        null,
        null,
        null,
        null,
        null
      ],
      "/home/bartek/Prog/TDD_BDD_Instagram/app/models/user.rb": [
        1,
        null,
        null,
        1,
        null,
        null,
        1,
        null,
        null
      ],
      "/home/bartek/Prog/TDD_BDD_Instagram/app/helpers/application_helper.rb": [
        1,
        null
      ],
      "/home/bartek/Prog/TDD_BDD_Instagram/app/helpers/posts_helper.rb": [
        1,
        null
      ],
      "/home/bartek/Prog/TDD_BDD_Instagram/app/controllers/posts_controller.rb": [
        1,
        1,
        1,
        1,
        null,
        1,
        18,
        null,
        18,
        18,
        18,
        null,
        null,
        null,
        1,
        null,
        null,
        1,
        5,
        null,
        null,
        1,
        null,
        null,
        1,
        5,
        5,
        5,
        4,
        null,
        1,
        null,
        null,
        null,
        1,
        2,
        1,
        null,
        1,
        null,
        null,
        null,
        null,
        1,
        2,
        2,
        2,
        null,
        null,
        1,
        2,
        2,
        2,
        4,
        2,
        null,
        null,
        null,
        1,
        null,
        1,
        14,
        null,
        null,
        1,
        7,
        1,
        null,
        null,
        null,
        null,
        1,
        7,
        null,
        null
      ],
      "/home/bartek/Prog/TDD_BDD_Instagram/app/controllers/application_controller.rb": [
        1,
        null,
        null,
        1,
        null,
        1,
        null,
        1,
        null,
        1,
        16,
        22,
        15,
        null,
        null
      ],
      "/home/bartek/Prog/TDD_BDD_Instagram/spec/features/creating_post_spec.rb": [
        1,
        null,
        1,
        1,
        1,
        1,
        1,
        1,
        1,
        1,
        1,
        1,
        1,
        1,
        1,
        1,
        1,
        1,
        1,
        1,
        1,
        null,
        null,
        1,
        1,
        1,
        1,
        1,
        1,
        1,
        1,
        1,
        1,
        1,
        1,
        1,
        null,
        null,
        1,
        null,
        1,
        1,
        1,
        1,
        1,
        1,
        1,
        1,
        1,
        null,
        1,
        1,
        1,
        1,
        1,
        null,
        null,
        null,
        1,
        1,
        1,
        1,
        1,
        1,
        1,
        null,
        null,
        null,
        null
      ],
      "/home/bartek/Prog/TDD_BDD_Instagram/spec/features/creating_users_spec.rb": [
        1,
        null,
        1,
        1,
        1,
        1,
        1,
        1,
        1,
        1,
        1,
        1,
        1,
        null,
        null
      ],
      "/home/bartek/Prog/TDD_BDD_Instagram/spec/features/destroy_posts_spec.rb": [
        1,
        null,
        1,
        1,
        1,
        1,
        1,
        1,
        1,
        1,
        1,
        1,
        1,
        1,
        1,
        1,
        1,
        1,
        null,
        1,
        1,
        1,
        1,
        null,
        null,
        null,
        null,
        null,
        1,
        1,
        1,
        1,
        1,
        1,
        null,
        1,
        1,
        null,
        null,
        null,
        null
      ],
      "/home/bartek/Prog/TDD_BDD_Instagram/spec/features/editing_post_spec.rb": [
        1,
        null,
        1,
        1,
        1,
        1,
        1,
        1,
        1,
        1,
        1,
        1,
        1,
        1,
        1,
        1,
        1,
        1,
        null,
        1,
        1,
        1,
        1,
        1,
        1,
        1,
        1,
        1,
        1,
        1,
        1,
        null,
        null,
        null,
        null,
        1,
        1,
        1,
        1,
        1,
        1,
        null,
        1,
        1,
        null,
        null,
        null,
        null
      ],
      "/home/bartek/Prog/TDD_BDD_Instagram/spec/features/like_post_spec.rb": [
        1,
        null,
        1,
        1,
        1,
        1,
        1,
        1,
        1,
        1,
        1,
        1,
        1,
        1,
        1,
        1,
        1,
        1,
        1,
        1,
        1,
        1,
        1,
        1,
        null,
        null,
        null
      ],
      "/home/bartek/Prog/TDD_BDD_Instagram/app/models/post.rb": [
        1,
        1,
        null,
        1,
        null,
        1,
        1,
        1,
        null,
        1,
        16,
        null,
        null,
        1,
        6,
        null,
        null
      ]
    },
    "timestamp": 1438162615
  }
}
